# JRE version: Java(TM) SE Runtime Environment (8.0_171-b11) (build 1.8.0_171-b11)
# Java VM: Java HotSpot(TM) 64-Bit Server VM (25.171-b11 mixed mode windows-amd64 compressed oops)
Heap:
 PSYoungGen      total 1146368K, used 1146368K [0x000000076b400000, 0x00000007c0000000, 0x00000007c0000000)
  eden space 904192K, 100% used [0x000000076b400000,0x00000007a2700000,0x00000007a2700000)
  from space 242176K, 100% used [0x00000007a2700000,0x00000007b1380000,0x00000007b1380000)
  to   space 242176K, 92% used [0x00000007b1380000,0x00000007bed70000,0x00000007c0000000)
 ParOldGen       total 373248K, used 266991K [0x00000006c1c00000, 0x00000006d8880000, 0x000000076b400000)
  object space 373248K, 71% used [0x00000006c1c00000,0x00000006d20bbd00,0x00000006d8880000)
 Metaspace       used 9192K, capacity 9346K, committed 9600K, reserved 1056768K
  class space    used 1251K, capacity 1301K, committed 1408K, reserved 1048576K
GC Heap History (10 events):
Event: 30.508 GC heap after
Heap after GC invocations=11 (full 1):
 PSYoungGen      total 888832K, used 127488K [0x000000076b400000, 0x00000007ac780000, 0x00000007c0000000)
  eden space 761344K, 0% used [0x000000076b400000,0x000000076b400000,0x0000000799b80000)
  from space 127488K, 100% used [0x00000007a3880000,0x00000007ab500000,0x00000007ab500000)
  to   space 153600K, 0% used [0x0000000799b80000,0x0000000799b80000,0x00000007a3180000)
 ParOldGen       total 273920K, used 164424K [0x00000006c1c00000, 0x00000006d2780000, 0x000000076b400000)
  object space 273920K, 60% used [0x00000006c1c00000,0x00000006cbc923a0,0x00000006d2780000)
 Metaspace       used 9192K, capacity 9346K, committed 9600K, reserved 1056768K
  class space    used 1251K, capacity 1301K, committed 1408K, reserved 1048576K
}
Event: 36.392 GC heap before
{Heap before GC invocations=12 (full 1):
 PSYoungGen      total 888832K, used 888832K [0x000000076b400000, 0x00000007ac780000, 0x00000007c0000000)
  eden space 761344K, 100% used [0x000000076b400000,0x0000000799b80000,0x0000000799b80000)
  from space 127488K, 100% used [0x00000007a3880000,0x00000007ab500000,0x00000007ab500000)
  to   space 153600K, 0% used [0x0000000799b80000,0x0000000799b80000,0x00000007a3180000)
 ParOldGen       total 273920K, used 164424K [0x00000006c1c00000, 0x00000006d2780000, 0x000000076b400000)
  object space 273920K, 60% used [0x00000006c1c00000,0x00000006cbc923a0,0x00000006d2780000)
 Metaspace       used 9192K, capacity 9346K, committed 9600K, reserved 1056768K
  class space    used 1251K, capacity 1301K, committed 1408K, reserved 1048576K
Event: 37.100 GC heap after
Heap after GC invocations=12 (full 1):
 PSYoungGen      total 914944K, used 153600K [0x000000076b400000, 0x00000007c0000000, 0x00000007c0000000)
  eden space 761344K, 0% used [0x000000076b400000,0x000000076b400000,0x0000000799b80000)
  from space 153600K, 100% used [0x0000000799b80000,0x00000007a3180000,0x00000007a3180000)
  to   space 202752K, 0% used [0x00000007b3a00000,0x00000007b3a00000,0x00000007c0000000)
 ParOldGen       total 273920K, used 229408K [0x00000006c1c00000, 0x00000006d2780000, 0x000000076b400000)
  object space 273920K, 83% used [0x00000006c1c00000,0x00000006cfc083a0,0x00000006d2780000)
 Metaspace       used 9192K, capacity 9346K, committed 9600K, reserved 1056768K
  class space    used 1251K, capacity 1301K, committed 1408K, reserved 1048576K
}
Event: 37.100 GC heap before
{Heap before GC invocations=13 (full 2):
 PSYoungGen      total 914944K, used 153600K [0x000000076b400000, 0x00000007c0000000, 0x00000007c0000000)
  eden space 761344K, 0% used [0x000000076b400000,0x000000076b400000,0x0000000799b80000)
  from space 153600K, 100% used [0x0000000799b80000,0x00000007a3180000,0x00000007a3180000)
  to   space 202752K, 0% used [0x00000007b3a00000,0x00000007b3a00000,0x00000007c0000000)
 ParOldGen       total 273920K, used 229408K [0x00000006c1c00000, 0x00000006d2780000, 0x000000076b400000)
  object space 273920K, 83% used [0x00000006c1c00000,0x00000006cfc083a0,0x00000006d2780000)
 Metaspace       used 9192K, capacity 9346K, committed 9600K, reserved 1056768K
  class space    used 1251K, capacity 1301K, committed 1408K, reserved 1048576K
Event: 37.738 GC heap after
Heap after GC invocations=13 (full 2):
 PSYoungGen      total 914944K, used 0K [0x000000076b400000, 0x00000007c0000000, 0x00000007c0000000)
  eden space 761344K, 0% used [0x000000076b400000,0x000000076b400000,0x0000000799b80000)
  from space 153600K, 0% used [0x0000000799b80000,0x0000000799b80000,0x00000007a3180000)
  to   space 202752K, 0% used [0x00000007b3a00000,0x00000007b3a00000,0x00000007c0000000)
 ParOldGen       total 373248K, used 219359K [0x00000006c1c00000, 0x00000006d8880000, 0x000000076b400000)
  object space 373248K, 58% used [0x00000006c1c00000,0x00000006cf237d00,0x00000006d8880000)
 Metaspace       used 9192K, capacity 9346K, committed 9600K, reserved 1056768K
  class space    used 1251K, capacity 1301K, committed 1408K, reserved 1048576K
}
Event: 43.316 GC heap before
{Heap before GC invocations=14 (full 2):
 PSYoungGen      total 914944K, used 761344K [0x000000076b400000, 0x00000007c0000000, 0x00000007c0000000)
  eden space 761344K, 100% used [0x000000076b400000,0x0000000799b80000,0x0000000799b80000)
  from space 153600K, 0% used [0x0000000799b80000,0x0000000799b80000,0x00000007a3180000)
  to   space 202752K, 0% used [0x00000007b3a00000,0x00000007b3a00000,0x00000007c0000000)
 ParOldGen       total 373248K, used 219359K [0x00000006c1c00000, 0x00000006d8880000, 0x000000076b400000)
  object space 373248K, 58% used [0x00000006c1c00000,0x00000006cf237d00,0x00000006d8880000)
 Metaspace       used 9192K, capacity 9346K, committed 9600K, reserved 1056768K
  class space    used 1251K, capacity 1301K, committed 1408K, reserved 1048576K
Event: 44.076 GC heap after
Heap after GC invocations=14 (full 2):
 PSYoungGen      total 1106944K, used 202752K [0x000000076b400000, 0x00000007c0000000, 0x00000007c0000000)
  eden space 904192K, 0% used [0x000000076b400000,0x000000076b400000,0x00000007a2700000)
  from space 202752K, 100% used [0x00000007b3a00000,0x00000007c0000000,0x00000007c0000000)
  to   space 242176K, 0% used [0x00000007a2700000,0x00000007a2700000,0x00000007b1380000)
 ParOldGen       total 373248K, used 234127K [0x00000006c1c00000, 0x00000006d8880000, 0x000000076b400000)
  object space 373248K, 62% used [0x00000006c1c00000,0x00000006d00a3d00,0x00000006d8880000)
 Metaspace       used 9192K, capacity 9346K, committed 9600K, reserved 1056768K
  class space    used 1251K, capacity 1301K, committed 1408K, reserved 1048576K
}
Event: 50.726 GC heap before
{Heap before GC invocations=15 (full 2):
 PSYoungGen      total 1106944K, used 1106944K [0x000000076b400000, 0x00000007c0000000, 0x00000007c0000000)
  eden space 904192K, 100% used [0x000000076b400000,0x00000007a2700000,0x00000007a2700000)
  from space 202752K, 100% used [0x00000007b3a00000,0x00000007c0000000,0x00000007c0000000)
  to   space 242176K, 0% used [0x00000007a2700000,0x00000007a2700000,0x00000007b1380000)
 ParOldGen       total 373248K, used 234127K [0x00000006c1c00000, 0x00000006d8880000, 0x000000076b400000)
  object space 373248K, 62% used [0x00000006c1c00000,0x00000006d00a3d00,0x00000006d8880000)
 Metaspace       used 9192K, capacity 9346K, committed 9600K, reserved 1056768K
  class space    used 1251K, capacity 1301K, committed 1408K, reserved 1048576K
Event: 51.602 GC heap after
Heap after GC invocations=15 (full 2):
 PSYoungGen      total 1146368K, used 242176K [0x000000076b400000, 0x00000007c0000000, 0x00000007c0000000)
  eden space 904192K, 0% used [0x000000076b400000,0x000000076b400000,0x00000007a2700000)
  from space 242176K, 100% used [0x00000007a2700000,0x00000007b1380000,0x00000007b1380000)
  to   space 242176K, 0% used [0x00000007b1380000,0x00000007b1380000,0x00000007c0000000)
 ParOldGen       total 373248K, used 257327K [0x00000006c1c00000, 0x00000006d8880000, 0x000000076b400000)
  object space 373248K, 68% used [0x00000006c1c00000,0x00000006d174bd00,0x00000006d8880000)
 Metaspace       used 9192K, capacity 9346K, committed 9600K, reserved 1056768K
  class space    used 1251K, capacity 1301K, committed 1408K, reserved 1048576K
}
Event: 62.451 GC heap before
{Heap before GC invocations=16 (full 2):
 PSYoungGen      total 1146368K, used 1146368K [0x000000076b400000, 0x00000007c0000000, 0x00000007c0000000)
  eden space 904192K, 100% used [0x000000076b400000,0x00000007a2700000,0x00000007a2700000)
  from space 242176K, 100% used [0x00000007a2700000,0x00000007b1380000,0x00000007b1380000)
  to   space 242176K, 0% used [0x00000007b1380000,0x00000007b1380000,0x00000007c0000000)
 ParOldGen       total 373248K, used 257327K [0x00000006c1c00000, 0x00000006d8880000, 0x000000076b400000)
  object space 373248K, 68% used [0x00000006c1c00000,0x00000006d174bd00,0x00000006d8880000)
 Metaspace       used 9192K, capacity 9346K, committed 9600K, reserved 1056768K
  class space    used 1251K, capacity 1301K, committed 1408K, reserved 1048576K

